c:\users\kewhykrumm\documents\visual studio 2015\projects\win32project3\win32project3\debug\vc140.pdb
c:\users\kewhykrumm\documents\visual studio 2015\projects\win32project3\win32project3\debug\.netframework,version=v4.0.assemblyattributes.obj
c:\users\kewhykrumm\documents\visual studio 2015\projects\win32project3\win32project3\debug\.netframework,version=v4.0.assemblyattributes.asm
c:\users\kewhykrumm\documents\visual studio 2015\projects\win32project3\win32project3\debug\win32project3.pch
c:\users\kewhykrumm\documents\visual studio 2015\projects\win32project3\win32project3\debug\stdafx.obj
c:\users\kewhykrumm\documents\visual studio 2015\projects\win32project3\win32project3\debug\win32project3.obj
c:\users\kewhykrumm\documents\visual studio 2015\projects\win32project3\debug\win32project3.exe
c:\users\kewhykrumm\documents\visual studio 2015\projects\win32project3\debug\win32project3.pdb
c:\users\kewhykrumm\documents\visual studio 2015\projects\win32project3\win32project3\debug\win32project3.res
c:\users\kewhykrumm\documents\visual studio 2015\projects\win32project3\win32project3\debug\win32project3.vcxprojresolveassemblyreference.cache
c:\users\kewhykrumm\documents\visual studio 2015\projects\win32project3\win32project3\debug\vc140.idb
c:\users\kewhykrumm\documents\visual studio 2015\projects\win32project3\win32project3\debug\win32project3.tlog\cl.command.1.tlog
c:\users\kewhykrumm\documents\visual studio 2015\projects\win32project3\win32project3\debug\win32project3.tlog\cl.read.1.tlog
c:\users\kewhykrumm\documents\visual studio 2015\projects\win32project3\win32project3\debug\win32project3.tlog\cl.write.1.tlog
c:\users\kewhykrumm\documents\visual studio 2015\projects\win32project3\win32project3\debug\win32project3.tlog\link.command.1.tlog
c:\users\kewhykrumm\documents\visual studio 2015\projects\win32project3\win32project3\debug\win32project3.tlog\link.read.1.tlog
c:\users\kewhykrumm\documents\visual studio 2015\projects\win32project3\win32project3\debug\win32project3.tlog\link.write.1.tlog
c:\users\kewhykrumm\documents\visual studio 2015\projects\win32project3\win32project3\debug\win32project3.tlog\metagen.read.1.tlog
c:\users\kewhykrumm\documents\visual studio 2015\projects\win32project3\win32project3\debug\win32project3.tlog\metagen.write.1.tlog
c:\users\kewhykrumm\documents\visual studio 2015\projects\win32project3\win32project3\debug\win32project3.tlog\rc.command.1.tlog
c:\users\kewhykrumm\documents\visual studio 2015\projects\win32project3\win32project3\debug\win32project3.tlog\rc.read.1.tlog
c:\users\kewhykrumm\documents\visual studio 2015\projects\win32project3\win32project3\debug\win32project3.tlog\rc.write.1.tlog
c:\users\kewhykrumm\documents\visual studio 2015\projects\win32project3\win32project3\debug\win32project3.tlog\tzres.dll.bi
